mode: set
GoSimpleREST/clients/alphavantage_client.go:21.72,29.2 1 1
GoSimpleREST/clients/alphavantage_client.go:33.83,42.16 3 1
GoSimpleREST/clients/alphavantage_client.go:42.16,44.3 1 1
GoSimpleREST/clients/alphavantage_client.go:45.2,48.38 2 1
GoSimpleREST/clients/alphavantage_client.go:48.38,51.3 2 0
GoSimpleREST/clients/alphavantage_client.go:54.2,55.16 2 1
GoSimpleREST/clients/alphavantage_client.go:55.16,57.3 1 0
GoSimpleREST/clients/alphavantage_client.go:60.2,62.56 2 1
GoSimpleREST/clients/alphavantage_client.go:62.56,64.3 1 0
GoSimpleREST/clients/alphavantage_client.go:67.2,67.59 1 1
GoSimpleREST/clients/alphavantage_client.go:67.59,69.3 1 0
GoSimpleREST/clients/alphavantage_client.go:72.2,74.9 3 1
GoSimpleREST/clients/alphavantage_client.go:74.9,76.3 1 0
GoSimpleREST/clients/alphavantage_client.go:79.2,83.31 3 1
GoSimpleREST/clients/alphavantage_client.go:83.31,85.3 1 1
GoSimpleREST/clients/alphavantage_client.go:86.2,90.32 3 1
GoSimpleREST/clients/alphavantage_client.go:90.32,91.17 1 1
GoSimpleREST/clients/alphavantage_client.go:91.17,92.9 1 1
GoSimpleREST/clients/alphavantage_client.go:95.3,96.10 2 1
GoSimpleREST/clients/alphavantage_client.go:96.10,97.12 1 0
GoSimpleREST/clients/alphavantage_client.go:101.3,102.17 2 1
GoSimpleREST/clients/alphavantage_client.go:102.17,103.12 1 0
GoSimpleREST/clients/alphavantage_client.go:106.3,122.10 3 1
GoSimpleREST/clients/alphavantage_client.go:124.2,124.20 1 1
GoSimpleREST/clients/alphavantage_client.go:127.58,128.39 1 1
GoSimpleREST/clients/alphavantage_client.go:128.39,129.56 1 1
GoSimpleREST/clients/alphavantage_client.go:129.56,131.4 1 1
GoSimpleREST/clients/alphavantage_client.go:133.2,133.12 1 1
