mode: set
GoSimpleREST/clients/alphavantage_client.go:20.72,28.2 1 1
GoSimpleREST/clients/alphavantage_client.go:32.83,41.16 3 1
GoSimpleREST/clients/alphavantage_client.go:41.16,43.3 1 0
GoSimpleREST/clients/alphavantage_client.go:44.2,47.38 2 1
GoSimpleREST/clients/alphavantage_client.go:47.38,49.3 1 0
GoSimpleREST/clients/alphavantage_client.go:52.2,53.16 2 1
GoSimpleREST/clients/alphavantage_client.go:53.16,55.3 1 0
GoSimpleREST/clients/alphavantage_client.go:58.2,60.56 2 1
GoSimpleREST/clients/alphavantage_client.go:60.56,62.3 1 0
GoSimpleREST/clients/alphavantage_client.go:65.2,65.59 1 1
GoSimpleREST/clients/alphavantage_client.go:65.59,67.3 1 0
GoSimpleREST/clients/alphavantage_client.go:70.2,72.9 3 1
GoSimpleREST/clients/alphavantage_client.go:72.9,74.3 1 0
GoSimpleREST/clients/alphavantage_client.go:77.2,81.31 3 1
GoSimpleREST/clients/alphavantage_client.go:81.31,83.3 1 1
GoSimpleREST/clients/alphavantage_client.go:84.2,88.32 3 1
GoSimpleREST/clients/alphavantage_client.go:88.32,89.17 1 1
GoSimpleREST/clients/alphavantage_client.go:89.17,90.9 1 1
GoSimpleREST/clients/alphavantage_client.go:93.3,94.10 2 1
GoSimpleREST/clients/alphavantage_client.go:94.10,95.12 1 0
GoSimpleREST/clients/alphavantage_client.go:99.3,100.17 2 1
GoSimpleREST/clients/alphavantage_client.go:100.17,101.12 1 0
GoSimpleREST/clients/alphavantage_client.go:104.3,120.10 3 1
GoSimpleREST/clients/alphavantage_client.go:122.2,122.20 1 1
GoSimpleREST/clients/alphavantage_client.go:125.58,126.39 1 1
GoSimpleREST/clients/alphavantage_client.go:126.39,127.56 1 1
GoSimpleREST/clients/alphavantage_client.go:127.56,129.4 1 1
GoSimpleREST/clients/alphavantage_client.go:131.2,131.12 1 1
